Error loading tickers.json: [Errno 2] No such file or directory: 'tickers.json'
Error loading etf_components.json: [Errno 2] No such file or directory: 'etf_components.json'
 * Serving Flask app 'unified_nexus'
 * Debug mode: off
[31m[1mWARNING: This is a development server. Do not use it in a production deployment. Use a production WSGI server instead.[0m
 * Running on all addresses (0.0.0.0)
 * Running on http://127.0.0.1:8000
 * Running on http://172.26.59.170:8000
[33mPress CTRL+C to quit[0m
127.0.0.1 - - [09/Jul/2026 09:37:31] "GET /nas HTTP/1.1" 200 -
127.0.0.1 - - [09/Jul/2026 09:37:33] "GET /api/files?path= HTTP/1.1" 200 -
127.0.0.1 - - [09/Jul/2026 09:37:33] "GET /api/sysinfo HTTP/1.1" 200 -
127.0.0.1 - - [09/Jul/2026 09:37:40] "GET /api/files?path=nas HTTP/1.1" 200 -
127.0.0.1 - - [09/Jul/2026 09:37:42] "GET /api/read?path=nas/index.html HTTP/1.1" 200 -
127.0.0.1 - - [09/Jul/2026 09:38:40] "GET /api/read?path=nas/unified_nexus.log HTTP/1.1" 200 -
127.0.0.1 - - [09/Jul/2026 09:38:45] "GET /api/read?path=nas/unified_nexus.py HTTP/1.1" 200 -
127.0.0.1 - - [09/Jul/2026 09:40:31] "GET /api/files?path= HTTP/1.1" 200 -
127.0.0.1 - - [09/Jul/2026 09:43:19] "[36mGET /nas HTTP/1.1[0m" 304 -
127.0.0.1 - - [09/Jul/2026 09:43:21] "GET /api/files?path= HTTP/1.1" 200 -
127.0.0.1 - - [09/Jul/2026 09:43:21] "GET /api/sysinfo HTTP/1.1" 200 -
127.0.0.1 - - [09/Jul/2026 09:43:31] "GET /api/files?path=nas HTTP/1.1" 200 -
127.0.0.1 - - [09/Jul/2026 09:43:37] "GET /api/files?path= HTTP/1.1" 200 -
rt.
Error loading tickers.json: [Errno 2] No such file or directory: 'tickers.json'
Error loading etf_components.json: [Errno 2] No such file or directory: 'etf_components.json'
 * Serving Flask app 'unified_nexus'
 * Debug mode: off
Address already in use
Port 8000 is in use by another program. Either identify and stop that program, or start the server with a different port.
Error loading tickers.json: [Errno 2] No such file or directory: 'tickers.json'
Error loading etf_components.json: [Errno 2] No such file or directory: 'etf_components.json'
 * Serving Flask app 'unified_nexus'
 * Debug mode: off
Address already in use
Port 8000 is in use by another program. Either identify and stop that program, or start the server with a different port.
Error loading tickers.json: [Errno 2] No such file or directory: 'tickers.json'
Error loading etf_components.json: [Errno 2] No such file or directory: 'etf_components.json'
 * Serving Flask app 'unified_nexus'
 * Debug mode: off
Address already in use
Port 8000 is in use by another program. Either identify and stop that program, or start the server with a different port.
Error loading tickers.json: [Errno 2] No such file or directory: 'tickers.json'
Error loading etf_components.json: [Errno 2] No such file or directory: 'etf_components.json'
 * Serving Flask app 'unified_nexus'
 * Debug mode: off
Address already in use
Port 8000 is in use by another program. Either identify and stop that program, or start the server with a different port.
Error loading tickers.json: [Errno 2] No such file or directory: 'tickers.json'
Error loading etf_components.json: [Errno 2] No such file or directory: 'etf_components.json'
 * Serving Flask app 'unified_nexus'
 * Debug mode: off
Address already in use
Port 8000 is in use by another program. Either identify and stop that program, or start the server with a different port.
Error loading tickers.json: [Errno 2] No such file or directory: 'tickers.json'
Error loading etf_components.json: [Errno 2] No such file or directory: 'etf_components.json'
 * Serving Flask app 'unified_nexus'
 * Debug mode: off
Address already in use
Port 8000 is in use by another program. Either identify and stop that program, or start the server with a different port.
Error loading tickers.json: [Errno 2] No such file or directory: 'tickers.json'
Error loading etf_components.json: [Errno 2] No such file or directory: 'etf_components.json'
 * Serving Flask app 'unified_nexus'
 * Debug mode: off
Address already in use
Port 8000 is in use by another program. Either identify and stop that program, or start the server with a different port.
Error loading tickers.json: [Errno 2] No such file or directory: 'tickers.json'
Error loading etf_components.json: [Errno 2] No such file or directory: 'etf_components.json'
 * Serving Flask app 'unified_nexus'
 * Debug mode: off
Address already in use
Port 8000 is in use by another program. Either identify and stop that program, or start the server with a different port.
Error loading tickers.json: [Errno 2] No such file or directory: 'tickers.json'
Error loading etf_components.json: [Errno 2] No such file or directory: 'etf_components.json'
 * Serving Flask app 'unified_nexus'
 * Debug mode: off
Address already in use
Port 8000 is in use by another program. Either identify and stop that program, or start the server with a different port.
Error loading tickers.json: [Errno 2] No such file or directory: 'tickers.json'
Error loading etf_components.json: [Errno 2] No such file or directory: 'etf_components.json'
 * Serving Flask app 'unified_nexus'
 * Debug mode: off
Address already in use
Port 8000 is in use by another program. Either identify and stop that program, or start the server with a different port.
Error loading tickers.json: [Errno 2] No such file or directory: 'tickers.json'
Error loading etf_components.json: [Errno 2] No such file or directory: 'etf_components.json'
 * Serving Flask app 'unified_nexus'
 * Debug mode: off
Address already in use
Port 8000 is in use by another program. Either identify and stop that program, or start the server with a different port.
Error loading tickers.json: [Errno 2] No such file or directory: 'tickers.json'
Error loading etf_components.json: [Errno 2] No such file or directory: 'etf_components.json'
 * Serving Flask app 'unified_nexus'
 * Debug mode: off
Address already in use
Port 8000 is in use by another program. Either identify and stop that program, or start the server with a different port.
Error loading tickers.json: [Errno 2] No such file or directory: 'tickers.json'
Error loading etf_components.json: [Errno 2] No such file or directory: 'etf_components.json'
 * Serving Flask app 'unified_nexus'
 * Debug mode: off
Address already in use
Port 8000 is in use by another program. Either identify and stop that program, or start the server with a different port.
Error loading tickers.json: [Errno 2] No such file or directory: 'tickers.json'
Error loading etf_components.json: [Errno 2] No such file or directory: 'etf_components.json'
 * Serving Flask app 'unified_nexus'
 * Debug mode: off
Address already in use
Port 8000 is in use by another program. Either identify and stop that program, or start the server with a different port.
Error loading tickers.json: [Errno 2] No such file or directory: 'tickers.json'
Error loading etf_components.json: [Errno 2] No such file or directory: 'etf_components.json'
 * Serving Flask app 'unified_nexus'
 * Debug mode: off
Address already in use
Port 8000 is in use by another program. Either identify and stop that program, or start the server with a different port.
Error loading tickers.json: [Errno 2] No such file or directory: 'tickers.json'
Error loading etf_components.json: [Errno 2] No such file or directory: 'etf_components.json'
 * Serving Flask app 'unified_nexus'
 * Debug mode: off
Address already in use
Port 8000 is in use by another program. Either identify and stop that program, or start the server with a different port.
Error loading tickers.json: [Errno 2] No such file or directory: 'tickers.json'
Error loading etf_components.json: [Errno 2] No such file or directory: 'etf_components.json'
 * Serving Flask app 'unified_nexus'
 * Debug mode: off
Address already in use
Port 8000 is in use by another program. Either identify and stop that program, or start the server with a different port.
Error loading tickers.json: [Errno 2] No such file or directory: 'tickers.json'
Error loading etf_components.json: [Errno 2] No such file or directory: 'etf_components.json'
 * Serving Flask app 'unified_nexus'
 * Debug mode: off
Address already in use
Port 8000 is in use by another program. Either identify and stop that program, or start the server with a different port.
Error loading tickers.json: [Errno 2] No such file or directory: 'tickers.json'
Error loading etf_components.json: [Errno 2] No such file or directory: 'etf_components.json'
 * Serving Flask app 'unified_nexus'
 * Debug mode: off
Address already in use
Port 8000 is in use by another program. Either identify and stop that program, or start the server with a different port.
Error loading tickers.json: [Errno 2] No such file or directory: 'tickers.json'
Error loading etf_components.json: [Errno 2] No such file or directory: 'etf_components.json'
 * Serving Flask app 'unified_nexus'
 * Debug mode: off
Address already in use
Port 8000 is in use by another program. Either identify and stop that program, or start the server with a different port.
Error loading tickers.json: [Errno 2] No such file or directory: 'tickers.json'
Error loading etf_components.json: [Errno 2] No such file or directory: 'etf_components.json'
 * Serving Flask app 'unified_nexus'
 * Debug mode: off
Address already in use
Port 8000 is in use by another program. Either identify and stop that program, or start the server with a different port.
Error loading tickers.json: [Errno 2] No such file or directory: 'tickers.json'
Error loading etf_components.json: [Errno 2] No such file or directory: 'etf_components.json'
 * Serving Flask app 'unified_nexus'
 * Debug mode: off
Address already in use
Port 8000 is in use by another program. Either identify and stop that program, or start the server with a different port.
Error loading tickers.json: [Errno 2] No such file or directory: 'tickers.json'
Error loading etf_components.json: [Errno 2] No such file or directory: 'etf_components.json'
 * Serving Flask app 'unified_nexus'
 * Debug mode: off
Address already in use
Port 8000 is in use by another program. Either identify and stop that program, or start the server with a different port.
Error loading tickers.json: [Errno 2] No such file or directory: 'tickers.json'
Error loading etf_components.json: [Errno 2] No such file or directory: 'etf_components.json'
 * Serving Flask app 'unified_nexus'
 * Debug mode: off
Address already in use
Port 8000 is in use by another program. Either identify and stop that program, or start the server with a different port.
